<?xml version="1.0" encoding="UTF-8"?>
<!-- Generated by org.testng.reporters.JUnitXMLReporter -->
<testsuite ignored="0" hostname="DESKTOP-69G3T7I" failures="0" tests="4" name="Default test" time="17.107" errors="0" timestamp="2021-08-12T19:49:29 IST">
  <testcase classname="com.para.testcase.RegisterAccount" name="navigatetoregister" time="0.608"/>
  <testcase classname="com.para.testcase.RegisterAccount" name="fillinalldetails" time="7.166"/>
  <testcase classname="com.para.testcase.RegisterAccount" name="submitregisterbutton" time="1.027"/>
  <testcase classname="com.para.testcase.RegisterAccount" name="verifyregistration" time="0.077"/>
</testsuite> <!-- Default test -->
