<?xml version="1.0" encoding="UTF-8"?>
<!-- Generated by org.testng.reporters.JUnitXMLReporter -->
<testsuite ignored="0" hostname="DESKTOP-69G3T7I" failures="0" tests="4" name="Default test" time="14.449" errors="0" timestamp="2021-08-03T20:21:48 IST">
  <testcase classname="com.para.testcase.RegisterAccount" name="navigatetoregister" time="11.8"/>
  <testcase classname="com.para.testcase.RegisterAccount" name="fillinalldetails" time="1.499"/>
  <testcase classname="com.para.testcase.RegisterAccount" name="submitregisterbutton" time="0.996"/>
  <testcase classname="com.para.testcase.RegisterAccount" name="verifyregistration" time="0.065"/>
</testsuite> <!-- Default test -->
