<?xml version="1.0" encoding="UTF-8"?>
<!-- Generated by org.testng.reporters.JUnitXMLReporter -->
<testsuite ignored="0" hostname="DESKTOP-69G3T7I" failures="0" tests="5" name="LoanPositive" time="16.423" errors="0" timestamp="2021-08-12T11:57:17 IST">
  <testcase classname="com.para.testcase.ApplyLoanPositiveScenario" name="login" time="2.598"/>
  <testcase classname="com.para.testcase.ApplyLoanPositiveScenario" name="navigatetorequestload" time="1.136"/>
  <testcase classname="com.para.testcase.ApplyLoanPositiveScenario" name="fillinloandetails" time="0.264"/>
  <testcase classname="com.para.testcase.ApplyLoanPositiveScenario" name="applyloan" time="0.124"/>
  <testcase classname="com.para.testcase.ApplyLoanPositiveScenario" name="verifystatus" time="5.07"/>
</testsuite> <!-- LoanPositive -->
