<?xml version="1.0" encoding="UTF-8"?>
<!-- Generated by org.testng.reporters.JUnitXMLReporter -->
<testsuite ignored="0" hostname="DESKTOP-69G3T7I" failures="0" tests="5" name="LoanNegative" time="19.928" errors="0" timestamp="2021-08-12T11:57:00 IST">
  <testcase classname="com.para.testcase.ApplyLoanNegativeScenario" name="login" time="1.836"/>
  <testcase classname="com.para.testcase.ApplyLoanNegativeScenario" name="navigatetorequestload" time="1.134"/>
  <testcase classname="com.para.testcase.ApplyLoanNegativeScenario" name="fillinloandetails" time="0.284"/>
  <testcase classname="com.para.testcase.ApplyLoanNegativeScenario" name="applyloan" time="0.104"/>
  <testcase classname="com.para.testcase.ApplyLoanNegativeScenario" name="verifystatus" time="5.05"/>
</testsuite> <!-- LoanNegative -->
