<?xml version="1.0" encoding="UTF-8"?>
<!-- Generated by org.testng.reporters.JUnitXMLReporter -->
<testsuite ignored="0" hostname="DESKTOP-69G3T7I" failures="0" tests="5" name="PayBill" time="18.899" errors="0" timestamp="2021-08-12T11:57:35 IST">
  <testcase classname="com.para.testcase.PayBill" name="login" time="2.414"/>
  <testcase classname="com.para.testcase.PayBill" name="navigatetopaybill" time="1.408"/>
  <testcase classname="com.para.testcase.PayBill" name="fillinalldetails" time="1.34"/>
  <testcase classname="com.para.testcase.PayBill" name="submit" time="0.12"/>
  <testcase classname="com.para.testcase.PayBill" name="verifymessage" time="5.05"/>
</testsuite> <!-- PayBill -->
