<?xml version="1.0" encoding="UTF-8"?>
<!-- Generated by org.testng.reporters.JUnitXMLReporter -->
<testsuite ignored="0" hostname="DESKTOP-69G3T7I" failures="0" tests="4" name="Register" time="20.914" errors="0" timestamp="2021-08-12T11:56:28 IST">
  <testcase classname="com.para.testcase.RegisterAccount" name="navigatetoregister" time="1.21"/>
  <testcase classname="com.para.testcase.RegisterAccount" name="fillinalldetails" time="7.927"/>
  <testcase classname="com.para.testcase.RegisterAccount" name="submitregisterbutton" time="1.151"/>
  <testcase classname="com.para.testcase.RegisterAccount" name="verifyregistration" time="0.07"/>
</testsuite> <!-- Register -->
