<?xml version="1.0" encoding="UTF-8"?>
<testng-results ignored="0" total="4" passed="4" failed="0" skipped="0">
  <reporter-output>
  </reporter-output>
  <suite started-at="2021-08-03T20:21:33 IST" name="Default suite" finished-at="2021-08-03T20:21:48 IST" duration-ms="14449">
    <groups>
    </groups>
    <test started-at="2021-08-03T20:21:33 IST" name="Default test" finished-at="2021-08-03T20:21:48 IST" duration-ms="14449">
      <class name="com.para.testcase.RegisterAccount">
        <test-method signature="navigatetoregister()[pri:1, instance:com.para.testcase.RegisterAccount@78e117e3]" started-at="2021-08-03T20:21:34 IST" name="navigatetoregister" finished-at="2021-08-03T20:21:45 IST" duration-ms="11800" status="PASS">
          <reporter-output>
          </reporter-output>
        </test-method> <!-- navigatetoregister -->
        <test-method signature="fillinalldetails()[pri:2, instance:com.para.testcase.RegisterAccount@78e117e3]" started-at="2021-08-03T20:21:45 IST" name="fillinalldetails" finished-at="2021-08-03T20:21:47 IST" duration-ms="1499" status="PASS">
          <reporter-output>
          </reporter-output>
        </test-method> <!-- fillinalldetails -->
        <test-method signature="submitregisterbutton()[pri:3, instance:com.para.testcase.RegisterAccount@78e117e3]" started-at="2021-08-03T20:21:47 IST" name="submitregisterbutton" finished-at="2021-08-03T20:21:48 IST" duration-ms="996" status="PASS">
          <reporter-output>
          </reporter-output>
        </test-method> <!-- submitregisterbutton -->
        <test-method signature="verifyregistration()[pri:4, instance:com.para.testcase.RegisterAccount@78e117e3]" started-at="2021-08-03T20:21:48 IST" name="verifyregistration" finished-at="2021-08-03T20:21:48 IST" duration-ms="65" status="PASS">
          <reporter-output>
          </reporter-output>
        </test-method> <!-- verifyregistration -->
      </class> <!-- com.para.testcase.RegisterAccount -->
    </test> <!-- Default test -->
  </suite> <!-- Default suite -->
</testng-results>
