<?xml version="1.0" encoding="UTF-8"?>
<testng-results ignored="0" total="1" passed="1" failed="0" skipped="0">
  <reporter-output>
  </reporter-output>
  <suite started-at="2021-07-31T21:33:28 IST" name="Default suite" finished-at="2021-07-31T21:33:36 IST" duration-ms="8410">
    <groups>
    </groups>
    <test started-at="2021-07-31T21:33:28 IST" name="Default test" finished-at="2021-07-31T21:33:36 IST" duration-ms="8410">
      <class name="com.para.testcase.DemoRun">
        <test-method signature="test()[pri:0, instance:com.para.testcase.DemoRun@48fa0f47]" started-at="2021-07-31T21:33:28 IST" name="test" finished-at="2021-07-31T21:33:36 IST" duration-ms="8333" status="PASS">
          <reporter-output>
          </reporter-output>
        </test-method> <!-- test -->
      </class> <!-- com.para.testcase.DemoRun -->
    </test> <!-- Default test -->
  </suite> <!-- Default suite -->
</testng-results>
