<?xml version="1.0" encoding="UTF-8"?>
<testng-results ignored="0" total="1" passed="1" failed="0" skipped="0">
  <reporter-output>
  </reporter-output>
  <suite started-at="2021-08-11T20:05:26 IST" name="Default suite" finished-at="2021-08-11T20:05:42 IST" duration-ms="15862">
    <groups>
    </groups>
    <test started-at="2021-08-11T20:05:26 IST" name="Default test" finished-at="2021-08-11T20:05:42 IST" duration-ms="15862">
      <class name="com.para.testcase.Login">
        <test-method is-config="true" signature="beforesuite()[pri:0, instance:com.para.testcase.Login@31368b99]" started-at="2021-08-11T20:05:26 IST" name="beforesuite" finished-at="2021-08-11T20:05:26 IST" duration-ms="305" status="PASS">
          <reporter-output>
          </reporter-output>
        </test-method> <!-- beforesuite -->
        <test-method is-config="true" signature="beforeTest()[pri:0, instance:com.para.testcase.Login@31368b99]" started-at="2021-08-11T20:05:26 IST" name="beforeTest" finished-at="2021-08-11T20:05:26 IST" duration-ms="1" status="PASS">
          <reporter-output>
          </reporter-output>
        </test-method> <!-- beforeTest -->
        <test-method is-config="true" signature="beforeClassrun(org.testng.ITestContext)[pri:0, instance:com.para.testcase.Login@31368b99]" started-at="2021-08-11T20:05:26 IST" name="beforeClassrun" finished-at="2021-08-11T20:05:39 IST" duration-ms="13507" status="PASS">
          <params>
            <param index="0">
              <value>
                <![CDATA[org.testng.TestRunner@6daf7d37]]>
              </value>
            </param>
          </params>
          <reporter-output>
          </reporter-output>
        </test-method> <!-- beforeClassrun -->
        <test-method is-config="true" signature="beforeMethod(java.lang.reflect.Method)[pri:0, instance:com.para.testcase.Login@31368b99]" started-at="2021-08-11T20:05:39 IST" name="beforeMethod" finished-at="2021-08-11T20:05:39 IST" duration-ms="2" status="PASS">
          <params>
            <param index="0">
              <value>
                <![CDATA[public void com.para.testcase.Login.login() throws java.io.IOException]]>
              </value>
            </param>
          </params>
          <reporter-output>
          </reporter-output>
        </test-method> <!-- beforeMethod -->
        <test-method signature="login()[pri:1, instance:com.para.testcase.Login@31368b99]" started-at="2021-08-11T20:05:39 IST" name="login" finished-at="2021-08-11T20:05:42 IST" duration-ms="2278" status="PASS">
          <reporter-output>
          </reporter-output>
        </test-method> <!-- login -->
        <test-method is-config="true" signature="afterMethod(org.testng.ITestResult)[pri:0, instance:com.para.testcase.Login@31368b99]" started-at="2021-08-11T20:05:42 IST" name="afterMethod" finished-at="2021-08-11T20:05:42 IST" duration-ms="9" status="PASS">
          <params>
            <param index="0">
              <value>
                <![CDATA[[TestResult name=login status=SUCCESS method=Login.login()[pri:1, instance:com.para.testcase.Login@31368b99] output={null}]]]>
              </value>
            </param>
          </params>
          <reporter-output>
          </reporter-output>
        </test-method> <!-- afterMethod -->
        <test-method is-config="true" signature="afterClassrun()[pri:0, instance:com.para.testcase.Login@31368b99]" started-at="2021-08-11T20:05:42 IST" name="afterClassrun" finished-at="2021-08-11T20:05:42 IST" duration-ms="1" status="PASS">
          <reporter-output>
          </reporter-output>
        </test-method> <!-- afterClassrun -->
        <test-method is-config="true" signature="afterTest()[pri:0, instance:com.para.testcase.Login@31368b99]" started-at="2021-08-11T20:05:42 IST" name="afterTest" finished-at="2021-08-11T20:05:42 IST" duration-ms="1" status="PASS">
          <reporter-output>
          </reporter-output>
        </test-method> <!-- afterTest -->
        <test-method is-config="true" signature="aftersuite()[pri:0, instance:com.para.testcase.Login@31368b99]" started-at="2021-08-11T20:05:42 IST" name="aftersuite" finished-at="2021-08-11T20:05:43 IST" duration-ms="818" status="PASS">
          <reporter-output>
          </reporter-output>
        </test-method> <!-- aftersuite -->
      </class> <!-- com.para.testcase.Login -->
    </test> <!-- Default test -->
  </suite> <!-- Default suite -->
</testng-results>
