<?xml version="1.0" encoding="UTF-8"?>
<testng-results ignored="0" total="1" passed="1" failed="0" skipped="0">
  <reporter-output>
  </reporter-output>
  <suite started-at="2021-08-02T18:14:06 IST" name="Default suite" finished-at="2021-08-02T18:14:18 IST" duration-ms="12361">
    <groups>
    </groups>
    <test started-at="2021-08-02T18:14:06 IST" name="Default test" finished-at="2021-08-02T18:14:18 IST" duration-ms="12361">
      <class name="com.para.testcase.PayBill">
        <test-method is-config="true" signature="beforesuite()[pri:0, instance:com.para.testcase.PayBill@63355449]" started-at="2021-08-02T18:14:05 IST" name="beforesuite" finished-at="2021-08-02T18:14:06 IST" duration-ms="308" status="PASS">
          <reporter-output>
          </reporter-output>
        </test-method> <!-- beforesuite -->
        <test-method is-config="true" signature="beforeTest()[pri:0, instance:com.para.testcase.PayBill@63355449]" started-at="2021-08-02T18:14:06 IST" name="beforeTest" finished-at="2021-08-02T18:14:06 IST" duration-ms="1" status="PASS">
          <reporter-output>
          </reporter-output>
        </test-method> <!-- beforeTest -->
        <test-method is-config="true" signature="beforeClassrun(org.testng.ITestContext)[pri:0, instance:com.para.testcase.PayBill@63355449]" started-at="2021-08-02T18:14:06 IST" name="beforeClassrun" finished-at="2021-08-02T18:14:16 IST" duration-ms="9947" status="PASS">
          <params>
            <param index="0">
              <value>
                <![CDATA[org.testng.TestRunner@409986fe]]>
              </value>
            </param>
          </params>
          <reporter-output>
          </reporter-output>
        </test-method> <!-- beforeClassrun -->
        <test-method is-config="true" signature="beforeMethod(java.lang.reflect.Method)[pri:0, instance:com.para.testcase.PayBill@63355449]" started-at="2021-08-02T18:14:16 IST" name="beforeMethod" finished-at="2021-08-02T18:14:16 IST" duration-ms="1" status="PASS">
          <params>
            <param index="0">
              <value>
                <![CDATA[public void com.para.testcase.PayBill.login()]]>
              </value>
            </param>
          </params>
          <reporter-output>
          </reporter-output>
        </test-method> <!-- beforeMethod -->
        <test-method signature="login()[pri:0, instance:com.para.testcase.PayBill@63355449]" started-at="2021-08-02T18:14:16 IST" name="login" finished-at="2021-08-02T18:14:18 IST" duration-ms="2348" status="PASS">
          <reporter-output>
          </reporter-output>
        </test-method> <!-- login -->
        <test-method is-config="true" signature="afterMethod(org.testng.ITestResult)[pri:0, instance:com.para.testcase.PayBill@63355449]" started-at="2021-08-02T18:14:18 IST" name="afterMethod" finished-at="2021-08-02T18:14:18 IST" duration-ms="10" status="PASS">
          <params>
            <param index="0">
              <value>
                <![CDATA[[TestResult name=login status=SUCCESS method=PayBill.login()[pri:0, instance:com.para.testcase.PayBill@63355449] output={null}]]]>
              </value>
            </param>
          </params>
          <reporter-output>
          </reporter-output>
        </test-method> <!-- afterMethod -->
        <test-method is-config="true" signature="afterClassrun()[pri:0, instance:com.para.testcase.PayBill@63355449]" started-at="2021-08-02T18:14:18 IST" name="afterClassrun" finished-at="2021-08-02T18:14:18 IST" duration-ms="0" status="PASS">
          <reporter-output>
          </reporter-output>
        </test-method> <!-- afterClassrun -->
        <test-method is-config="true" signature="afterTest()[pri:0, instance:com.para.testcase.PayBill@63355449]" started-at="2021-08-02T18:14:18 IST" name="afterTest" finished-at="2021-08-02T18:14:18 IST" duration-ms="1" status="PASS">
          <reporter-output>
          </reporter-output>
        </test-method> <!-- afterTest -->
        <test-method is-config="true" signature="aftersuite()[pri:0, instance:com.para.testcase.PayBill@63355449]" started-at="2021-08-02T18:14:18 IST" name="aftersuite" finished-at="2021-08-02T18:14:19 IST" duration-ms="722" status="PASS">
          <reporter-output>
          </reporter-output>
        </test-method> <!-- aftersuite -->
      </class> <!-- com.para.testcase.PayBill -->
    </test> <!-- Default test -->
  </suite> <!-- Default suite -->
</testng-results>
